  [1m[35m (302.0ms)[0m  [1m[35mCREATE DATABASE "dogs_development" ENCODING = 'unicode'[0m
  [1m[35m (292.8ms)[0m  [1m[35mCREATE DATABASE "dogs_test" ENCODING = 'unicode'[0m
  [1m[35m (35.0ms)[0m  [1m[35mCREATE TABLE "schema_migrations" ("version" character varying NOT NULL PRIMARY KEY)[0m
  [1m[35m (8.6ms)[0m  [1m[35mCREATE TABLE "ar_internal_metadata" ("key" character varying NOT NULL PRIMARY KEY, "value" character varying, "created_at" timestamp(6) NOT NULL, "updated_at" timestamp(6) NOT NULL)[0m
  [1m[35m (1.0ms)[0m  [1m[34mSELECT pg_try_advisory_lock(996590241045801255)[0m
  [1m[35m (1.6ms)[0m  [1m[34mSELECT "schema_migrations"."version" FROM "schema_migrations" ORDER BY "schema_migrations"."version" ASC[0m
Migrating to CreateDogs (20201115051337)
  [1m[35m (0.5ms)[0m  [1m[35mBEGIN[0m
  [1m[35m (31.6ms)[0m  [1m[35mCREATE TABLE "dogs" ("id" bigserial primary key, "name" character varying, "age" integer, "breed" character varying, "created_at" timestamp(6) NOT NULL, "updated_at" timestamp(6) NOT NULL)[0m
  [1m[36mprimary::SchemaMigration Create (0.9ms)[0m  [1m[32mINSERT INTO "schema_migrations" ("version") VALUES ($1) RETURNING "version"[0m  [["version", "20201115051337"]]
  [1m[35m (0.7ms)[0m  [1m[35mCOMMIT[0m
  [1m[36mActiveRecord::InternalMetadata Load (1.5ms)[0m  [1m[34mSELECT "ar_internal_metadata".* FROM "ar_internal_metadata" WHERE "ar_internal_metadata"."key" = $1 LIMIT $2[0m  [["key", "environment"], ["LIMIT", 1]]
  [1m[35m (0.4ms)[0m  [1m[35mBEGIN[0m
  [1m[36mActiveRecord::InternalMetadata Create (1.1ms)[0m  [1m[32mINSERT INTO "ar_internal_metadata" ("key", "value", "created_at", "updated_at") VALUES ($1, $2, $3, $4) RETURNING "key"[0m  [["key", "environment"], ["value", "development"], ["created_at", "2020-11-15 05:13:51.249342"], ["updated_at", "2020-11-15 05:13:51.249342"]]
  [1m[35m (0.6ms)[0m  [1m[35mCOMMIT[0m
  [1m[35m (0.8ms)[0m  [1m[34mSELECT pg_advisory_unlock(996590241045801255)[0m
  [1m[35m (27.0ms)[0m  [1m[34mSELECT "schema_migrations"."version" FROM "schema_migrations" ORDER BY "schema_migrations"."version" ASC[0m
  [1m[35m (1.2ms)[0m  [1m[34mSELECT "schema_migrations"."version" FROM "schema_migrations" ORDER BY "schema_migrations"."version" ASC[0m
  [1m[35m (19.5ms)[0m  [1m[35mBEGIN[0m
  [1m[36mDog Create (2.1ms)[0m  [1m[32mINSERT INTO "dogs" ("name", "age", "breed", "created_at", "updated_at") VALUES ($1, $2, $3, $4, $5) RETURNING "id"[0m  [["name", "Sparky"], ["age", 5], ["breed", "Bulldog"], ["created_at", "2020-11-15 05:14:15.614946"], ["updated_at", "2020-11-15 05:14:15.614946"]]
  [1m[35m (1.1ms)[0m  [1m[35mCOMMIT[0m
  [1m[35m (0.3ms)[0m  [1m[35mBEGIN[0m
  [1m[36mDog Create (0.9ms)[0m  [1m[32mINSERT INTO "dogs" ("name", "age", "breed", "created_at", "updated_at") VALUES ($1, $2, $3, $4, $5) RETURNING "id"[0m  [["name", "Spot"], ["age", 5], ["breed", "Dalmation"], ["created_at", "2020-11-15 05:14:15.644681"], ["updated_at", "2020-11-15 05:14:15.644681"]]
  [1m[35m (0.7ms)[0m  [1m[35mCOMMIT[0m
  [1m[35m (0.3ms)[0m  [1m[35mBEGIN[0m
  [1m[36mDog Create (0.6ms)[0m  [1m[32mINSERT INTO "dogs" ("name", "age", "breed", "created_at", "updated_at") VALUES ($1, $2, $3, $4, $5) RETURNING "id"[0m  [["name", "Goldy"], ["age", 5], ["breed", "Golden Retriever"], ["created_at", "2020-11-15 05:14:15.652011"], ["updated_at", "2020-11-15 05:14:15.652011"]]
  [1m[35m (0.7ms)[0m  [1m[35mCOMMIT[0m
Started GET "/dogs" for ::1 at 2020-11-14 21:14:45 -0800
  [1m[35m (1.1ms)[0m  [1m[34mSELECT "schema_migrations"."version" FROM "schema_migrations" ORDER BY "schema_migrations"."version" ASC[0m
Processing by DogsController#index as HTML
  [1m[36mDog Load (21.1ms)[0m  [1m[34mSELECT "dogs".* FROM "dogs"[0m
  ↳ app/controllers/dogs_controller.rb:8:in `index'
Completed 200 OK in 42ms (Views: 11.9ms | ActiveRecord: 28.3ms | Allocations: 5949)


